<?xml version="1.0" encoding="UTF-8"?>
<testng-results ignored="0" total="2" passed="2" failed="0" skipped="0">
  <reporter-output>
  </reporter-output>
  <suite started-at="2024-04-29T17:08:01 IST" name="Suite" finished-at="2024-04-29T17:08:01 IST" duration-ms="87">
    <groups>
    </groups>
    <test started-at="2024-04-29T17:08:01 IST" name="Test" finished-at="2024-04-29T17:08:01 IST" duration-ms="87">
      <class name="Pck1.TestNgParallelDemo">
        <test-method signature="test1()[pri:0, instance:Pck1.TestNgParallelDemo@65e98b1c]" started-at="2024-04-29T17:08:01 IST" name="test1" finished-at="2024-04-29T17:08:01 IST" duration-ms="18" status="PASS">
          <reporter-output>
          </reporter-output>
        </test-method> <!-- test1 -->
        <test-method signature="test2()[pri:0, instance:Pck1.TestNgParallelDemo@65e98b1c]" started-at="2024-04-29T17:08:01 IST" name="test2" finished-at="2024-04-29T17:08:01 IST" duration-ms="17" status="PASS">
          <reporter-output>
          </reporter-output>
        </test-method> <!-- test2 -->
      </class> <!-- Pck1.TestNgParallelDemo -->
    </test> <!-- Test -->
  </suite> <!-- Suite -->
</testng-results>
